<?xml version="1.0" encoding="UTF-8"?>
<robot generator="Robot 4.1.2 (Python 3.10.1 on win32)" generated="20211213 19:16:53.501" rpa="false" schemaversion="2">
<suite id="s1" name="tc06 EndToEnd Clean" source="C:\Users\RamSchool\PycharmProjects\APIAutomation\TestCases\tc06_EndToEnd_Clean.robot">
<test id="s1-t1" name="tc01_CreateAStudentEndToEnd">
<kw name="Create Student" library="FetchData">
<var>${id}</var>
<arg>Clark</arg>
<arg>Michael</arg>
<arg>Kent</arg>
<arg>05/05/1980</arg>
<kw name="Create Session" library="RequestsLibrary">
<arg>MySession</arg>
<arg>${BASEURL}</arg>
<doc>Create Session: create a HTTP session to a server</doc>
<msg timestamp="20211213 19:16:53.698" level="INFO">Creating Session using : alias=MySession, url=http://thetestingworldapi.com/, headers={},                     cookies={}, auth=None, timeout=None, proxies=None, verify=False,                     debug=0 </msg>
<status status="PASS" starttime="20211213 19:16:53.697" endtime="20211213 19:16:53.698"/>
</kw>
<kw name="Create Dictionary" library="BuiltIn">
<var>&amp;{Body}</var>
<arg>first_name=${FirstName}</arg>
<arg>middle_name=${MiddleName}</arg>
<arg>last_name=${LasttName}</arg>
<arg>date_of_birth=${DOB}</arg>
<doc>Creates and returns a dictionary based on the given ``items``.</doc>
<msg timestamp="20211213 19:16:53.699" level="INFO">&amp;{Body} = { first_name=Clark | middle_name=Michael | last_name=Kent | date_of_birth=05/05/1980 }</msg>
<status status="PASS" starttime="20211213 19:16:53.698" endtime="20211213 19:16:53.699"/>
</kw>
<kw name="POST On Session" library="RequestsLibrary">
<var>${Post_Response}</var>
<arg>MySession</arg>
<arg>/api/studentsDetails</arg>
<arg>data=&amp;{Body}</arg>
<doc>Sends a POST request on a previously created HTTP Session.</doc>
<msg timestamp="20211213 19:16:54.450" level="INFO">POST Request : url=http://thetestingworldapi.com/api/studentsDetails 
 path_url=/api/studentsDetails 
 headers={'User-Agent': 'python-requests/2.26.0', 'Accept-Encoding': 'gzip, deflate', 'Accept': '*/*', 'Connection': 'keep-alive', 'Content-Length': '80', 'Content-Type': 'application/x-www-form-urlencoded'} 
 body=first_name=Clark&amp;middle_name=Michael&amp;last_name=Kent&amp;date_of_birth=05%2F05%2F1980 
 </msg>
<msg timestamp="20211213 19:16:54.450" level="INFO">POST Response : url=http://thetestingworldapi.com/api/studentsDetails 
 status=201, reason=Created 
 headers={'Cache-Control': 'no-cache', 'Pragma': 'no-cache', 'Content-Type': 'application/json; charset=utf-8', 'Expires': '-1', 'Location': 'http://thetestingworldapi.com/api/studentsDetails/540473', 'Server': 'Microsoft-IIS/8.5', 'X-AspNet-Version': '4.0.30319', 'X-Powered-By': 'ASP.NET', 'X-Powered-By-Plesk': 'PleskWin', 'Date': 'Tue, 14 Dec 2021 00:16:45 GMT', 'Content-Length': '106'} 
 body={"id":540473,"first_name":"Clark","middle_name":"Michael","last_name":"Kent","date_of_birth":"05/05/1980"} 
 </msg>
<msg timestamp="20211213 19:16:54.450" level="INFO">${Post_Response} = &lt;Response [201]&gt;</msg>
<status status="PASS" starttime="20211213 19:16:53.699" endtime="20211213 19:16:54.450"/>
</kw>
<kw name="To Json" library="RequestsLibrary">
<var>${JSonPostResponse}</var>
<arg>${Post_Response.content}</arg>
<doc>*DEPRECATED* Please use ${resp.json()} instead. Have a look at the improved HTML output as pretty printing replacement.</doc>
<msg timestamp="20211213 19:16:54.450" level="WARN">Keyword 'RequestsLibrary.To Json' is deprecated. Please use ${resp.json()} instead. Have a look at the improved HTML output as pretty printing replacement.</msg>
<msg timestamp="20211213 19:16:54.451" level="INFO">To JSON using : content={"id":540473,"first_name":"Clark","middle_name":"Michael","last_name":"Kent","date_of_birth":"05/05/1980"} </msg>
<msg timestamp="20211213 19:16:54.451" level="INFO">To JSON using : pretty_print=False </msg>
<msg timestamp="20211213 19:16:54.451" level="INFO">${JSonPostResponse} = {'id': 540473, 'first_name': 'Clark', 'middle_name': 'Michael', 'last_name': 'Kent', 'date_of_birth': '05/05/1980'}</msg>
<status status="PASS" starttime="20211213 19:16:54.450" endtime="20211213 19:16:54.451"/>
</kw>
<kw name="Get Value From Json" library="JSONLibrary">
<var>@{idList}</var>
<arg>${JSonPostResponse}</arg>
<arg>id</arg>
<doc>Get Value From JSON using JSONPath</doc>
<msg timestamp="20211213 19:16:54.473" level="INFO">@{idList} = [ 540473 ]</msg>
<status status="PASS" starttime="20211213 19:16:54.451" endtime="20211213 19:16:54.473"/>
</kw>
<kw name="Get From List" library="Collections">
<var>${id}</var>
<arg>${idList}</arg>
<arg>0</arg>
<doc>Returns the value specified with an ``index`` from ``list``.</doc>
<msg timestamp="20211213 19:16:54.474" level="INFO">${id} = 540473</msg>
<status status="PASS" starttime="20211213 19:16:54.474" endtime="20211213 19:16:54.474"/>
</kw>
<msg timestamp="20211213 19:16:54.474" level="INFO">${id} = 540473</msg>
<status status="PASS" starttime="20211213 19:16:53.697" endtime="20211213 19:16:54.474"/>
</kw>
<kw name="Get Student Details" library="FetchData">
<arg>${id}</arg>
<kw name="GET On Session" library="RequestsLibrary">
<var>${Get_Response}</var>
<arg>MySession</arg>
<arg>/api/studentsDetails/${id}</arg>
<doc>Sends a GET request on a previously created HTTP Session.</doc>
<msg timestamp="20211213 19:16:54.704" level="INFO">GET Request : url=http://thetestingworldapi.com/api/studentsDetails/540473 
 path_url=/api/studentsDetails/540473 
 headers={'User-Agent': 'python-requests/2.26.0', 'Accept-Encoding': 'gzip, deflate', 'Accept': '*/*', 'Connection': 'keep-alive'} 
 body=None 
 </msg>
<msg timestamp="20211213 19:16:54.704" level="INFO">GET Response : url=http://thetestingworldapi.com/api/studentsDetails/540473 
 status=200, reason=OK 
 headers={'Cache-Control': 'no-cache', 'Pragma': 'no-cache', 'Content-Type': 'application/json; charset=utf-8', 'Expires': '-1', 'Server': 'Microsoft-IIS/8.5', 'X-AspNet-Version': '4.0.30319', 'X-Powered-By': 'ASP.NET', 'X-Powered-By-Plesk': 'PleskWin', 'Date': 'Tue, 14 Dec 2021 00:16:47 GMT', 'Content-Length': '131'} 
 body={"status":"true","data":{"id":540473,"first_name":"Clark","middle_name":"Michael","last_name":"Kent","date_of_birth":"05/05/1980"}} 
 </msg>
<msg timestamp="20211213 19:16:54.704" level="INFO">${Get_Response} = &lt;Response [200]&gt;</msg>
<status status="PASS" starttime="20211213 19:16:54.474" endtime="20211213 19:16:54.704"/>
</kw>
<kw name="Log To Console" library="BuiltIn">
<arg>${Get_Response.status_code}</arg>
<doc>Logs the given message to the console.</doc>
<status status="PASS" starttime="20211213 19:16:54.704" endtime="20211213 19:16:54.705"/>
</kw>
<kw name="Log To Console" library="BuiltIn">
<arg>${Get_Response.content}</arg>
<doc>Logs the given message to the console.</doc>
<status status="PASS" starttime="20211213 19:16:54.705" endtime="20211213 19:16:54.705"/>
</kw>
<status status="PASS" starttime="20211213 19:16:54.474" endtime="20211213 19:16:54.706"/>
</kw>
<status status="PASS" starttime="20211213 19:16:53.697" endtime="20211213 19:16:54.706"/>
</test>
<status status="PASS" starttime="20211213 19:16:53.503" endtime="20211213 19:16:54.706"/>
</suite>
<statistics>
<total>
<stat pass="1" fail="0" skip="0">All Tests</stat>
</total>
<tag>
</tag>
<suite>
<stat pass="1" fail="0" skip="0" id="s1" name="tc06 EndToEnd Clean">tc06 EndToEnd Clean</stat>
</suite>
</statistics>
<errors>
<msg timestamp="20211213 19:16:54.450" level="WARN">Keyword 'RequestsLibrary.To Json' is deprecated. Please use ${resp.json()} instead. Have a look at the improved HTML output as pretty printing replacement.</msg>
</errors>
</robot>
